2021/04/01 22:41:21 Error while decoding request body FOR FUNCTION: CREATE TENANT
2021/04/01 22:41:21 
2021/04/01 22:41:39 Not Found FOR FUNCTION: DELETE TENANT
2021/04/01 22:41:39 
2021/04/07 19:36:45 Error while creating Device FOR FUNCTION: CREATE DEVICE
2021/04/07 19:36:45 FROM IP: [::1]:59404
2021/04/07 19:36:45 validate
2021/04/07 19:36:56 Error while creating tenant FOR FUNCTION: CREATE TENANT
2021/04/07 19:36:56 FROM IP: [::1]:59404
2021/04/07 19:36:56 
2021/04/07 19:52:54 Error while creating room FOR FUNCTION: CREATE ROOM
2021/04/07 19:52:54 FROM IP: [::1]:59504
2021/04/07 19:52:54 validate
2021/04/07 19:53:04 Error while creating tenant FOR FUNCTION: CREATE TENANT
2021/04/07 19:53:04 FROM IP: [::1]:59504
2021/04/07 19:53:04 
2021/04/07 19:54:41 Error while creating building FOR FUNCTION: CREATE BUILDING
2021/04/07 19:54:41 FROM IP: [::1]:59504
2021/04/07 19:54:41 validate
2021/04/07 19:55:03 Error while creating building FOR FUNCTION: CREATE BUILDING
2021/04/07 19:55:03 FROM IP: [::1]:59504
2021/04/07 19:55:03 validate
2021/04/07 19:55:04 Error while creating building FOR FUNCTION: CREATE BUILDING
2021/04/07 19:55:04 FROM IP: [::1]:59504
2021/04/07 19:55:04 validate
2021/04/07 19:57:41 Error while updating room FOR FUNCTION: UPDATE ROOM
2021/04/07 19:57:41 FROM IP: [::1]:59504
2021/04/07 19:57:41 record not found
